<?xml version="1.0" encoding="UTF-8"?>
<!-- Generated by org.testng.reporters.JUnitReportReporter -->
<testsuite hostname="AP-fecIEGYddx3p" failures="0" tests="3" name="RestAssured.UserOperation" time="1.768" errors="0" timestamp="2023-02-18T17:16:18 IST" skipped="0">
  <testcase classname="RestAssured.UserOperation" name="listOfUsers" time="1.002"/>
  <system-out/>
  <testcase classname="RestAssured.UserOperation" name="addNewUser" time="0.554"/>
  <system-out/>
  <testcase classname="RestAssured.UserOperation" name="validateNewUser" time="0.212"/>
  <system-out/>
</testsuite> <!-- RestAssured.UserOperation -->
